2024-09-03 19:12:11.591 [info] [main] Log level: Info
2024-09-03 19:12:11.591 [info] [main] Validating found git in: "git"
2024-09-03 19:12:11.591 [info] [main] Using git "2.17.1" from "git"
2024-09-03 19:12:11.591 [info] [Model][doInitialScan] Initial repository scan started
2024-09-03 19:12:11.591 [info] > git rev-parse --show-toplevel [7ms]
2024-09-03 19:12:11.591 [info] fatal: not a git repository (or any of the parent directories): .git
2024-09-03 19:12:11.591 [info] > git rev-parse --show-toplevel [5ms]
2024-09-03 19:12:11.595 [info] > git rev-parse --git-dir --git-common-dir [2ms]
2024-09-03 19:12:11.602 [info] [Model][openRepository] Opened repository: /home/hgoo2825/workspace/FreeRTOS-Study
2024-09-03 19:12:11.608 [info] > git config --get commit.template [2ms]
2024-09-03 19:12:11.617 [info] > git rev-parse --show-toplevel [1ms]
2024-09-03 19:12:11.617 [info] fatal: not a git repository (or any of the parent directories): .git
2024-09-03 19:12:11.621 [info] > git rev-parse --show-toplevel [1ms]
2024-09-03 19:12:11.621 [info] fatal: not a git repository (or any of the parent directories): .git
2024-09-03 19:12:11.626 [info] > git for-each-ref --format=%(refname)%00%(upstream:short)%00%(objectname)%00%(upstream:track)%00%(upstream:remotename)%00%(upstream:remoteref) refs/heads/master refs/remotes/master [12ms]
2024-09-03 19:12:11.634 [info] > git rev-parse --show-toplevel [10ms]
2024-09-03 19:12:11.634 [info] fatal: not a git repository (or any of the parent directories): .git
2024-09-03 19:12:11.639 [info] > git rev-parse --show-toplevel [1ms]
2024-09-03 19:12:11.639 [info] fatal: not a git repository (or any of the parent directories): .git
2024-09-03 19:12:11.643 [info] > git rev-parse --show-toplevel [1ms]
2024-09-03 19:12:11.643 [info] fatal: not a git repository (or any of the parent directories): .git
2024-09-03 19:12:11.648 [info] > git rev-parse --show-toplevel [1ms]
2024-09-03 19:12:11.648 [info] fatal: not a git repository (or any of the parent directories): .git
2024-09-03 19:12:11.651 [info] > git rev-parse --show-toplevel [1ms]
2024-09-03 19:12:11.651 [info] fatal: not a git repository (or any of the parent directories): .git
2024-09-03 19:12:11.654 [info] > git rev-parse --show-toplevel [1ms]
2024-09-03 19:12:11.654 [info] fatal: not a git repository (or any of the parent directories): .git
2024-09-03 19:12:11.661 [info] > git rev-parse --show-toplevel [2ms]
2024-09-03 19:12:11.669 [info] > git rev-parse --git-dir --git-common-dir [2ms]
2024-09-03 19:12:11.686 [info] [Model][openRepository] Opened repository: /home/hgoo2825/FreeRTOS
2024-09-03 19:12:11.703 [info] > git config --get commit.template [9ms]
2024-09-03 19:12:11.707 [info] > git rev-parse --show-toplevel [9ms]
2024-09-03 19:12:11.714 [info] > git rev-parse --git-dir --git-common-dir [1ms]
2024-09-03 19:12:11.718 [info] [Model][openRepository] Opened repository: /home/hgoo2825/FreeRTOS-Study
2024-09-03 19:12:11.728 [info] > git config --get commit.template [4ms]
2024-09-03 19:12:11.729 [info] > git rev-parse --show-toplevel [2ms]
2024-09-03 19:12:11.729 [info] fatal: not a git repository (or any of the parent directories): .git
2024-09-03 19:12:11.739 [info] > git rev-parse --show-toplevel [2ms]
2024-09-03 19:12:11.739 [info] fatal: not a git repository (or any of the parent directories): .git
2024-09-03 19:12:11.743 [info] [Model][doInitialScan] Initial repository scan completed - repositories (3), closed repositories (0), parent repositories (0), unsafe repositories (0)
2024-09-03 19:12:11.744 [info] > git for-each-ref --format=%(refname)%00%(upstream:short)%00%(objectname)%00%(upstream:track)%00%(upstream:remotename)%00%(upstream:remoteref) refs/heads/main refs/remotes/main [38ms]
2024-09-03 19:12:11.746 [warning] [Git][revParse] Unable to read file: ENOENT: no such file or directory, open '/home/hgoo2825/FreeRTOS/.git/refs/remotes/origin/main'
2024-09-03 19:12:11.747 [info] > git for-each-ref --format=%(refname)%00%(upstream:short)%00%(objectname)%00%(upstream:track)%00%(upstream:remotename)%00%(upstream:remoteref) refs/heads/master refs/remotes/master [15ms]
2024-09-03 19:12:11.747 [info] > git rev-parse refs/remotes/origin/main [1ms]
2024-09-03 19:12:11.753 [warning] [Git][revParse] Unable to read file: ENOENT: no such file or directory, open '/home/hgoo2825/FreeRTOS-Study/.git/refs/remotes/origin/master'
2024-09-03 19:12:11.755 [info] > git rev-parse refs/remotes/origin/master [2ms]
2024-09-03 19:12:11.781 [info] > git status -z -uall [22ms]
2024-09-03 19:12:11.796 [info] > git for-each-ref --format=%(refname)%00%(upstream:short)%00%(objectname)%00%(upstream:track)%00%(upstream:remotename)%00%(upstream:remoteref) refs/heads/master refs/remotes/master [10ms]
2024-09-03 19:12:11.800 [info] > git config --get commit.template [3ms]
2024-09-03 19:12:11.802 [info] > git config --local branch.master.vscode-merge-base [3ms]
2024-09-03 19:12:11.810 [info] > git for-each-ref --format=%(refname)%00%(upstream:short)%00%(objectname)%00%(upstream:track)%00%(upstream:remotename)%00%(upstream:remoteref) refs/heads/master refs/remotes/master [8ms]
2024-09-03 19:12:11.811 [info] > git for-each-ref --format=%(refname)%00%(upstream:short)%00%(objectname)%00%(upstream:track)%00%(upstream:remotename)%00%(upstream:remoteref) refs/heads/origin/master refs/remotes/origin/master [7ms]
2024-09-03 19:12:11.819 [warning] [Git][revParse] Unable to read file: ENOENT: no such file or directory, open '/home/hgoo2825/FreeRTOS-Study/.git/refs/remotes/origin/master'
2024-09-03 19:12:11.819 [info] > git merge-base refs/heads/master refs/remotes/origin/master [4ms]
2024-09-03 19:12:11.824 [info] > git rev-parse refs/remotes/origin/master [5ms]
2024-09-03 19:12:11.828 [info] > git rev-list --count --left-right refs/heads/master...refs/remotes/origin/master [5ms]
2024-09-03 19:12:11.834 [info] > git status -z -uall [8ms]
2024-09-03 19:12:11.835 [info] > git diff --name-status -z --diff-filter=ADMR 0b37fb94f0995406d428131c0b44e1aea486998c...refs/remotes/origin/master [2ms]
2024-09-03 19:12:11.849 [info] > git for-each-ref --format=%(refname)%00%(upstream:short)%00%(objectname)%00%(upstream:track)%00%(upstream:remotename)%00%(upstream:remoteref) refs/heads/master refs/remotes/master [7ms]
2024-09-03 19:12:11.853 [info] > git config --local branch.master.vscode-merge-base [1ms]
2024-09-03 19:12:11.857 [info] > git for-each-ref --format=%(refname)%00%(upstream:short)%00%(objectname)%00%(upstream:track)%00%(upstream:remotename)%00%(upstream:remoteref) refs/heads/origin/master refs/remotes/origin/master [2ms]
2024-09-03 19:12:11.940 [info] > git status -z -uall [310ms]
2024-09-03 19:12:11.949 [info] > git for-each-ref --format=%(refname)%00%(upstream:short)%00%(objectname)%00%(upstream:track)%00%(upstream:remotename)%00%(upstream:remoteref) refs/heads/master refs/remotes/master [6ms]
2024-09-03 19:12:11.954 [info] > git config --get commit.template [5ms]
2024-09-03 19:12:11.954 [info] > git config --local branch.master.vscode-merge-base [4ms]
2024-09-03 19:12:11.954 [warning] [Git][config] git config failed: Failed to execute git
2024-09-03 19:12:11.961 [info] > git for-each-ref --format=%(refname)%00%(upstream:short)%00%(objectname)%00%(upstream:track)%00%(upstream:remotename)%00%(upstream:remoteref) refs/heads/master refs/remotes/master [1ms]
2024-09-03 19:12:11.963 [info] > git reflog master --grep-reflog=branch: Created from *. [6ms]
2024-09-03 19:12:12.094 [info] > git status -z -uall [131ms]
2024-09-03 19:12:12.098 [info] > git reflog HEAD --grep-reflog=checkout: moving from .* to master [131ms]
2024-09-03 19:12:12.101 [info] > git for-each-ref --format=%(refname)%00%(upstream:short)%00%(objectname)%00%(upstream:track)%00%(upstream:remotename)%00%(upstream:remoteref) refs/heads/master refs/remotes/master [5ms]
2024-09-03 19:12:12.104 [info] > git for-each-ref --format=%(refname)%00%(upstream:short)%00%(objectname)%00%(upstream:track)%00%(upstream:remotename)%00%(upstream:remoteref) refs/heads/main refs/remotes/main [5ms]
2024-09-03 19:12:12.122 [info] > git config --local branch.master.vscode-merge-base [19ms]
2024-09-03 19:12:12.122 [warning] [Git][config] git config failed: Failed to execute git
2024-09-03 19:12:12.130 [info] > git reflog master --grep-reflog=branch: Created from *. [6ms]
2024-09-03 19:12:12.132 [info] > git symbolic-ref --short refs/remotes/origin/HEAD [25ms]
2024-09-03 19:12:12.132 [info] fatal: ref refs/remotes/origin/HEAD is not a symbolic ref
2024-09-03 19:12:12.134 [info] > git reflog HEAD --grep-reflog=checkout: moving from .* to master [3ms]
2024-09-03 19:12:12.137 [info] > git for-each-ref --format=%(refname)%00%(upstream:short)%00%(objectname)%00%(upstream:track)%00%(upstream:remotename)%00%(upstream:remoteref) refs/heads/main refs/remotes/main [1ms]
2024-09-03 19:12:12.141 [info] > git symbolic-ref --short refs/remotes/origin/HEAD [2ms]
2024-09-03 19:12:12.141 [info] fatal: ref refs/remotes/origin/HEAD is not a symbolic ref
2024-09-03 19:12:12.280 [info] > git check-ignore -v -z --stdin [5ms]
2024-09-03 19:12:12.280 [info] > git check-ignore -v -z --stdin [2ms]
2024-09-03 19:12:12.282 [info] > git check-ignore -v -z --stdin [5ms]
2024-09-03 19:12:12.704 [info] > git show --textconv :main.c [2ms]
2024-09-03 19:12:12.704 [info] > git ls-files --stage -- /home/hgoo2825/workspace/FreeRTOS-Study/main.c [0ms]
2024-09-03 19:12:12.706 [info] > git cat-file -s 43d32100b53fc17d1ae497db64960816dc8ea59e [0ms]
2024-09-03 19:12:18.195 [info] > git status -z -uall [6446ms]
2024-09-03 19:12:18.203 [info] > git for-each-ref --format=%(refname)%00%(upstream:short)%00%(objectname)%00%(upstream:track)%00%(upstream:remotename)%00%(upstream:remoteref) refs/heads/main refs/remotes/main [5ms]
2024-09-03 19:12:18.207 [info] > git config --local branch.main.vscode-merge-base [2ms]
2024-09-03 19:12:18.210 [info] > git config --get commit.template [7ms]
2024-09-03 19:12:18.211 [info] > git for-each-ref --format=%(refname)%00%(upstream:short)%00%(objectname)%00%(upstream:track)%00%(upstream:remotename)%00%(upstream:remoteref) refs/heads/origin/main refs/remotes/origin/main [1ms]
2024-09-03 19:12:18.215 [info] > git merge-base refs/heads/main refs/remotes/origin/main [2ms]
2024-09-03 19:12:18.217 [info] > git for-each-ref --format=%(refname)%00%(upstream:short)%00%(objectname)%00%(upstream:track)%00%(upstream:remotename)%00%(upstream:remoteref) refs/heads/main refs/remotes/main [3ms]
2024-09-03 19:12:18.219 [warning] [Git][revParse] Unable to read file: ENOENT: no such file or directory, open '/home/hgoo2825/FreeRTOS/.git/refs/remotes/origin/main'
2024-09-03 19:12:18.220 [info] > git rev-list --count --left-right refs/heads/main...refs/remotes/origin/main [4ms]
2024-09-03 19:12:18.224 [info] > git rev-parse refs/remotes/origin/main [5ms]
2024-09-03 19:12:18.226 [info] > git diff --name-status -z --diff-filter=ADMR 82099c32a0d5960685c79033edde8f381c2f73ea...refs/remotes/origin/main [3ms]
2024-09-03 19:12:18.704 [info] > git rev-parse --show-toplevel [0ms]
2024-09-03 19:12:18.708 [info] > git rev-parse --git-dir --git-common-dir [1ms]
2024-09-03 19:12:18.710 [info] [Model][openRepository] Opened repository: /home/hgoo2825/FreeRTOS/FreeRTOS/Source
2024-09-03 19:12:18.718 [info] > git config --get commit.template [5ms]
2024-09-03 19:12:18.720 [info] > git rev-parse --show-toplevel [4ms]
2024-09-03 19:12:18.727 [info] > git rev-parse --git-dir --git-common-dir [1ms]
2024-09-03 19:12:18.729 [info] [Model][openRepository] Opened repository: /home/hgoo2825/FreeRTOS/FreeRTOS/Test/CMock/CMock
2024-09-03 19:12:18.739 [info] > git rev-parse --show-toplevel [5ms]
2024-09-03 19:12:18.740 [info] > git config --get commit.template [7ms]
2024-09-03 19:12:18.741 [info] > git for-each-ref --format %(refname) %(objectname) %(*objectname) refs/tags [17ms]
2024-09-03 19:12:18.753 [info] > git rev-parse --git-dir --git-common-dir [6ms]
2024-09-03 19:12:18.755 [info] [Model][openRepository] Opened repository: /home/hgoo2825/FreeRTOS/FreeRTOS-Plus/Source/FreeRTOS-Plus-TCP
2024-09-03 19:12:18.763 [info] > git for-each-ref --format %(refname) %(objectname) %(*objectname) refs/tags [12ms]
2024-09-03 19:12:18.768 [info] > git rev-parse --show-toplevel [6ms]
2024-09-03 19:12:18.768 [info] > git config --get commit.template [9ms]
2024-09-03 19:12:18.773 [info] > git rev-parse --git-dir --git-common-dir [3ms]
2024-09-03 19:12:18.776 [info] [Model][openRepository] Opened repository: /home/hgoo2825/FreeRTOS/FreeRTOS-Plus/Source/AWS/device-shadow
2024-09-03 19:12:18.784 [info] > git config --get commit.template [5ms]
2024-09-03 19:12:18.784 [info] > git for-each-ref --format %(refname) %(objectname) %(*objectname) refs/tags [12ms]
2024-09-03 19:12:18.788 [info] > git rev-parse --show-toplevel [6ms]
2024-09-03 19:12:18.796 [info] > git status -z -uall [30ms]
2024-09-03 19:12:18.796 [info] > git rev-parse --git-dir --git-common-dir [1ms]
2024-09-03 19:12:18.799 [info] [Model][openRepository] Opened repository: /home/hgoo2825/FreeRTOS/FreeRTOS-Plus/Source/Application-Protocols/coreMQTT
2024-09-03 19:12:18.800 [info] > git for-each-ref --format %(refname) %(objectname) %(*objectname) refs/tags [8ms]
2024-09-03 19:12:18.816 [info] > git status -z -uall [14ms]
2024-09-03 19:12:18.816 [info] > git config --get commit.template [5ms]
2024-09-03 19:12:18.816 [info] > git rev-parse --show-toplevel [8ms]
2024-09-03 19:12:18.816 [info] > git config --get commit.template [10ms]
2024-09-03 19:12:18.833 [info] > git status -z -uall [46ms]
2024-09-03 19:12:18.833 [info] > git config --get commit.template [8ms]
2024-09-03 19:12:18.834 [info] > git rev-parse --git-dir --git-common-dir [12ms]
2024-09-03 19:12:18.836 [info] [Model][openRepository] Opened repository: /home/hgoo2825/FreeRTOS/FreeRTOS-Plus/Source/coreJSON
2024-09-03 19:12:18.849 [info] > git for-each-ref --format %(refname) %(objectname) %(*objectname) refs/tags [17ms]
2024-09-03 19:12:18.852 [info] > git for-each-ref --format %(refname) %(objectname) %(*objectname) refs/tags [24ms]
2024-09-03 19:12:18.863 [info] > git config --get commit.template [17ms]
2024-09-03 19:12:18.863 [info] > git rev-parse --show-toplevel [19ms]
2024-09-03 19:12:18.863 [info] > git config --get commit.template [21ms]
2024-09-03 19:12:18.872 [info] > git for-each-ref --format %(refname) %(objectname) %(*objectname) refs/tags [15ms]
2024-09-03 19:12:18.880 [info] > git status -z -uall [26ms]
2024-09-03 19:12:18.880 [info] > git status -z -uall [5ms]
2024-09-03 19:12:18.880 [info] > git rev-parse --git-dir --git-common-dir [14ms]
2024-09-03 19:12:18.883 [info] [Model][openRepository] Opened repository: /home/hgoo2825/FreeRTOS/FreeRTOS-Plus/Test/CMock
2024-09-03 19:12:18.896 [info] > git status -z -uall [45ms]
2024-09-03 19:12:18.896 [info] > git for-each-ref --format %(refname) %(objectname) %(*objectname) refs/tags [17ms]
2024-09-03 19:12:18.899 [info] > git for-each-ref --format %(refname) %(objectname) %(*objectname) refs/tags [23ms]
2024-09-03 19:12:18.915 [info] > git status -z -uall [171ms]
2024-09-03 19:12:18.915 [info] > git status -z -uall [14ms]
2024-09-03 19:12:18.917 [info] > git config --get commit.template [21ms]
2024-09-03 19:12:18.917 [info] > git rev-parse --show-toplevel [24ms]
2024-09-03 19:12:18.917 [info] > git config --get commit.template [26ms]
2024-09-03 19:12:18.948 [info] > git status -z -uall [50ms]
2024-09-03 19:12:18.949 [info] > git config --get commit.template [21ms]
2024-09-03 19:12:18.949 [info] > git rev-parse --git-dir --git-common-dir [25ms]
2024-09-03 19:12:18.951 [info] [Model][openRepository] Opened repository: /home/hgoo2825/FreeRTOS/FreeRTOS-Plus/ThirdParty/mbedtls
2024-09-03 19:12:18.952 [info] > git config --get commit.template [30ms]
2024-09-03 19:12:18.957 [info] > git for-each-ref --format %(refname) %(objectname) %(*objectname) refs/tags [24ms]
2024-09-03 19:12:18.959 [info] > git for-each-ref --format %(refname) %(objectname) %(*objectname) refs/tags [27ms]
2024-09-03 19:12:18.968 [info] > git status -z -uall [9ms]
2024-09-03 19:12:18.969 [info] > git rev-parse --show-toplevel [12ms]
2024-09-03 19:12:18.969 [info] > git config --get commit.template [15ms]
2024-09-03 19:12:18.973 [info] > git for-each-ref --format %(refname) %(objectname) %(*objectname) refs/tags [6ms]
2024-09-03 19:12:18.977 [info] > git for-each-ref --format %(refname) %(objectname) %(*objectname) refs/tags [12ms]
2024-09-03 19:12:18.993 [info] > git status -z -uall [32ms]
2024-09-03 19:12:18.993 [info] > git status -z -uall [13ms]
2024-09-03 19:12:18.993 [info] > git rev-parse --git-dir --git-common-dir [22ms]
2024-09-03 19:12:18.995 [info] [Model][openRepository] Opened repository: /home/hgoo2825/FreeRTOS/FreeRTOS-Plus/Source/corePKCS11
2024-09-03 19:12:19.009 [info] > git rev-parse --show-toplevel [7ms]
2024-09-03 19:12:19.009 [info] > git config --get commit.template [10ms]
2024-09-03 19:12:19.012 [info] > git config --get commit.template [4ms]
2024-09-03 19:12:19.015 [info] > git rev-parse --git-dir --git-common-dir [3ms]
2024-09-03 19:12:19.018 [info] [Model][openRepository] Opened repository: /home/hgoo2825/FreeRTOS/FreeRTOS-Plus/Source/AWS/jobs
2024-09-03 19:12:19.028 [info] > git for-each-ref --format %(refname) %(objectname) %(*objectname) refs/tags [13ms]
2024-09-03 19:12:19.032 [info] > git config --get commit.template [7ms]
2024-09-03 19:12:19.032 [info] > git for-each-ref --format %(refname) %(objectname) %(*objectname) refs/tags [10ms]
2024-09-03 19:12:19.040 [info] > git for-each-ref --format %(refname) %(objectname) %(*objectname) refs/tags [2ms]
2024-09-03 19:12:19.047 [info] > git status -z -uall [17ms]
2024-09-03 19:12:19.047 [info] > git status -z -uall [4ms]
2024-09-03 19:12:19.066 [info] > git status -z -uall [32ms]
2024-09-03 19:12:19.066 [info] > git config --get commit.template [14ms]
2024-09-03 19:12:19.067 [info] > git for-each-ref --format %(refname) %(objectname) %(*objectname) refs/tags [81ms]
2024-09-03 19:12:19.071 [info] > git config --get commit.template [6ms]
2024-09-03 19:12:19.076 [info] > git for-each-ref --format %(refname) %(objectname) %(*objectname) refs/tags [0ms]
2024-09-03 19:12:19.078 [info] > git for-each-ref --format %(refname) %(objectname) %(*objectname) refs/tags [4ms]
2024-09-03 19:12:19.082 [info] > git status -z -uall [4ms]
2024-09-03 19:12:19.097 [info] > git status -z -uall [17ms]
2024-09-03 19:12:19.110 [info] > git status -z -uall [134ms]
2024-09-03 19:12:19.180 [info] > git status -z -uall [111ms]
2024-09-03 19:12:19.184 [info] > git config --get commit.template [0ms]
2024-09-03 19:12:19.191 [info] > git for-each-ref --format %(refname) %(objectname) %(*objectname) refs/tags [4ms]
2024-09-03 19:12:19.212 [info] > git status -z -uall [986ms]
2024-09-03 19:12:19.216 [info] > git for-each-ref --format=%(refname)%00%(upstream:short)%00%(objectname)%00%(upstream:track)%00%(upstream:remotename)%00%(upstream:remoteref) refs/heads/main refs/remotes/main [2ms]
2024-09-03 19:12:19.220 [info] > git config --local branch.main.vscode-merge-base [2ms]
2024-09-03 19:12:19.225 [info] > git for-each-ref --format=%(refname)%00%(upstream:short)%00%(objectname)%00%(upstream:track)%00%(upstream:remotename)%00%(upstream:remoteref) refs/heads/origin/main refs/remotes/origin/main [1ms]
2024-09-03 19:12:19.257 [info] > git check-ignore -v -z --stdin [6ms]
2024-09-03 19:12:19.258 [info] > git check-ignore -v -z --stdin [6ms]
2024-09-03 19:12:19.258 [info] > git check-ignore -v -z --stdin [4ms]
2024-09-03 19:12:19.310 [info] > git status -z -uall [116ms]
2024-09-03 19:12:19.616 [info] > git rev-parse --show-toplevel [2ms]
2024-09-03 19:12:19.620 [info] > git rev-parse --git-dir --git-common-dir [1ms]
2024-09-03 19:12:19.622 [info] [Model][openRepository] Opened repository: /home/hgoo2825/FreeRTOS/FreeRTOS/Test/CMock/CMock/vendor/unity
2024-09-03 19:12:19.631 [info] > git rev-parse --show-toplevel [2ms]
2024-09-03 19:12:19.631 [info] > git config --get commit.template [5ms]
2024-09-03 19:12:19.636 [info] > git rev-parse --git-dir --git-common-dir [2ms]
2024-09-03 19:12:19.638 [info] [Model][openRepository] Opened repository: /home/hgoo2825/FreeRTOS/FreeRTOS/Test/CMock/CMock/vendor/c_exception
2024-09-03 19:12:19.647 [info] > git for-each-ref --format %(refname) %(objectname) %(*objectname) refs/tags [11ms]
2024-09-03 19:12:19.654 [info] > git rev-parse --show-toplevel [7ms]
2024-09-03 19:12:19.654 [info] > git config --get commit.template [11ms]
2024-09-03 19:12:19.662 [info] > git rev-parse --show-toplevel [3ms]
2024-09-03 19:12:19.667 [info] > git status -z -uall [17ms]
2024-09-03 19:12:19.668 [info] > git for-each-ref --format %(refname) %(objectname) %(*objectname) refs/tags [6ms]
2024-09-03 19:12:19.678 [info] > git status -z -uall [7ms]
2024-09-03 19:12:19.680 [info] > git rev-parse --show-toplevel [14ms]
2024-09-03 19:12:19.694 [info] > git config --get commit.template [15ms]
2024-09-03 19:12:19.699 [info] > git rev-parse --show-toplevel [8ms]
2024-09-03 19:12:19.700 [info] > git config --get commit.template [12ms]
2024-09-03 19:12:19.713 [info] > git rev-parse --show-toplevel [3ms]
2024-09-03 19:12:19.713 [info] > git for-each-ref --format %(refname) %(objectname) %(*objectname) refs/tags [9ms]
2024-09-03 19:12:19.722 [info] > git for-each-ref --format %(refname) %(objectname) %(*objectname) refs/tags [10ms]
2024-09-03 19:12:19.726 [info] > git rev-parse --show-toplevel [6ms]
2024-09-03 19:12:19.744 [info] > git status -z -uall [28ms]
2024-09-03 19:12:19.744 [info] > git status -z -uall [19ms]
2024-09-03 19:12:19.747 [info] > git rev-parse --git-dir --git-common-dir [17ms]
2024-09-03 19:12:19.750 [info] [Model][openRepository] Opened repository: /home/hgoo2825/FreeRTOS/FreeRTOS/Source/portable/ThirdParty/Partner-Supported-Ports
2024-09-03 19:12:19.762 [info] > git config --get commit.template [8ms]
2024-09-03 19:12:19.763 [info] > git rev-parse --show-toplevel [5ms]
2024-09-03 19:12:19.769 [info] > git for-each-ref --format %(refname) %(objectname) %(*objectname) refs/tags [3ms]
2024-09-03 19:12:19.773 [info] > git rev-parse --git-dir --git-common-dir [5ms]
2024-09-03 19:12:19.776 [info] [Model][openRepository] Opened repository: /home/hgoo2825/FreeRTOS/FreeRTOS/Source/portable/ThirdParty/Community-Supported-Ports
2024-09-03 19:12:19.787 [info] > git status -z -uall [16ms]
2024-09-03 19:12:19.796 [info] > git rev-parse --show-toplevel [12ms]
2024-09-03 19:12:19.797 [info] > git config --get commit.template [17ms]
2024-09-03 19:12:19.803 [info] > git config --get commit.template [8ms]
2024-09-03 19:12:19.807 [info] > git rev-parse --git-dir --git-common-dir [6ms]
2024-09-03 19:12:19.810 [info] [Model][openRepository] Opened repository: /home/hgoo2825/FreeRTOS/FreeRTOS-Plus/Test/CMock/vendor/unity
2024-09-03 19:12:19.820 [info] > git for-each-ref --format %(refname) %(objectname) %(*objectname) refs/tags [14ms]
2024-09-03 19:12:19.825 [info] > git rev-parse --show-toplevel [5ms]
2024-09-03 19:12:19.826 [info] > git config --get commit.template [8ms]
2024-09-03 19:12:19.826 [info] > git for-each-ref --format %(refname) %(objectname) %(*objectname) refs/tags [12ms]
2024-09-03 19:12:19.833 [info] > git status -z -uall [10ms]
2024-09-03 19:12:19.833 [info] > git status -z -uall [5ms]
2024-09-03 19:12:19.842 [info] > git rev-parse --git-dir --git-common-dir [10ms]
2024-09-03 19:12:19.845 [info] [Model][openRepository] Opened repository: /home/hgoo2825/FreeRTOS/FreeRTOS-Plus/Test/CMock/vendor/c_exception
2024-09-03 19:12:19.858 [info] > git config --get commit.template [16ms]
2024-09-03 19:12:19.859 [info] > git for-each-ref --format %(refname) %(objectname) %(*objectname) refs/tags [19ms]
2024-09-03 19:12:19.862 [info] > git rev-parse --show-toplevel [9ms]
2024-09-03 19:12:19.862 [info] > git config --get commit.template [11ms]
2024-09-03 19:12:19.870 [info] > git status -z -uall [9ms]
2024-09-03 19:12:19.870 [info] > git rev-parse --git-dir --git-common-dir [3ms]
2024-09-03 19:12:19.873 [info] [Model][openRepository] Opened repository: /home/hgoo2825/FreeRTOS/FreeRTOS-Plus/Source/corePKCS11/source/dependency/3rdparty/pkcs11
2024-09-03 19:12:19.874 [info] > git for-each-ref --format %(refname) %(objectname) %(*objectname) refs/tags [10ms]
2024-09-03 19:12:19.883 [info] > git status -z -uall [7ms]
2024-09-03 19:12:19.884 [info] > git for-each-ref --format %(refname) %(objectname) %(*objectname) refs/tags [15ms]
2024-09-03 19:12:19.891 [info] > git status -z -uall [5ms]
2024-09-03 19:12:19.893 [info] > git config --get commit.template [12ms]
2024-09-03 19:12:19.896 [info] > git config --get commit.template [5ms]
2024-09-03 19:12:19.900 [info] > git config --get commit.template [5ms]
2024-09-03 19:12:19.906 [info] > git for-each-ref --format %(refname) %(objectname) %(*objectname) refs/tags [8ms]
2024-09-03 19:12:19.911 [info] > git status -z -uall [3ms]
2024-09-03 19:12:19.911 [info] > git for-each-ref --format %(refname) %(objectname) %(*objectname) refs/tags [8ms]
2024-09-03 19:12:19.914 [info] > git for-each-ref --format %(refname) %(objectname) %(*objectname) refs/tags [3ms]
2024-09-03 19:12:19.923 [info] > git status -z -uall [9ms]
2024-09-03 19:12:19.923 [info] > git status -z -uall [7ms]
2024-09-03 19:12:19.932 [info] > git config --get commit.template [10ms]
2024-09-03 19:12:19.936 [info] > git for-each-ref --format %(refname) %(objectname) %(*objectname) refs/tags [1ms]
2024-09-03 19:12:19.940 [info] > git status -z -uall [2ms]
2024-09-03 19:12:20.162 [info] > git check-ignore -v -z --stdin [7ms]
2024-09-03 19:12:20.163 [info] > git check-ignore -v -z --stdin [5ms]
2024-09-03 19:12:20.164 [info] > git check-ignore -v -z --stdin [3ms]
