2024-08-14 17:37:49.089 [info] [main] Log level: Info
2024-08-14 17:37:49.089 [info] [main] Validating found git in: "git"
2024-08-14 17:37:49.089 [info] [main] Using git "2.17.1" from "git"
2024-08-14 17:37:49.089 [info] [Model][doInitialScan] Initial repository scan started
2024-08-14 17:37:49.089 [info] > git rev-parse --show-toplevel [5ms]
2024-08-14 17:37:49.089 [info] fatal: not a git repository (or any of the parent directories): .git
2024-08-14 17:37:49.093 [info] > git rev-parse --show-toplevel [1ms]
2024-08-14 17:37:49.093 [info] fatal: not a git repository (or any of the parent directories): .git
2024-08-14 17:37:49.095 [info] > git rev-parse --show-toplevel [0ms]
2024-08-14 17:37:49.095 [info] fatal: not a git repository (or any of the parent directories): .git
2024-08-14 17:37:49.097 [info] > git rev-parse --show-toplevel [1ms]
2024-08-14 17:37:49.097 [info] fatal: not a git repository (or any of the parent directories): .git
2024-08-14 17:37:49.098 [info] > git rev-parse --show-toplevel [0ms]
2024-08-14 17:37:49.098 [info] fatal: not a git repository (or any of the parent directories): .git
2024-08-14 17:37:49.100 [info] > git rev-parse --show-toplevel [1ms]
2024-08-14 17:37:49.100 [info] fatal: not a git repository (or any of the parent directories): .git
2024-08-14 17:37:49.101 [info] > git rev-parse --show-toplevel [0ms]
2024-08-14 17:37:49.101 [info] fatal: not a git repository (or any of the parent directories): .git
2024-08-14 17:37:49.103 [info] > git rev-parse --show-toplevel [0ms]
2024-08-14 17:37:49.103 [info] fatal: not a git repository (or any of the parent directories): .git
2024-08-14 17:37:49.105 [info] > git rev-parse --show-toplevel [1ms]
2024-08-14 17:37:49.105 [info] fatal: not a git repository (or any of the parent directories): .git
2024-08-14 17:37:49.108 [info] > git rev-parse --show-toplevel [2ms]
2024-08-14 17:37:49.110 [info] > git rev-parse --git-dir --git-common-dir [0ms]
2024-08-14 17:37:49.117 [info] [Model][openRepository] Opened repository: /home/hgoo2825/FreeRTOS
2024-08-14 17:37:49.122 [info] > git config --get commit.template [3ms]
2024-08-14 17:37:49.122 [info] > git rev-parse --show-toplevel [2ms]
2024-08-14 17:37:49.126 [info] > git rev-parse --git-dir --git-common-dir [0ms]
2024-08-14 17:37:49.128 [info] [Model][openRepository] Opened repository: /home/hgoo2825/FreeRTOS-Study
2024-08-14 17:37:49.148 [info] > git config --get commit.template [4ms]
2024-08-14 17:37:49.148 [info] > git for-each-ref --format=%(refname)%00%(upstream:short)%00%(objectname)%00%(upstream:track)%00%(upstream:remotename)%00%(upstream:remoteref) refs/heads/main refs/remotes/main [24ms]
2024-08-14 17:37:49.150 [warning] [Git][revParse] Unable to read file: ENOENT: no such file or directory, open '/home/hgoo2825/FreeRTOS/.git/refs/remotes/origin/main'
2024-08-14 17:37:49.151 [info] > git rev-parse --show-toplevel [5ms]
2024-08-14 17:37:49.151 [info] fatal: not a git repository (or any of the parent directories): .git
2024-08-14 17:37:49.153 [info] > git rev-parse refs/remotes/origin/main [3ms]
2024-08-14 17:37:49.166 [info] > git rev-parse --show-toplevel [10ms]
2024-08-14 17:37:49.166 [info] fatal: not a git repository (or any of the parent directories): .git
2024-08-14 17:37:49.168 [info] [Model][doInitialScan] Initial repository scan completed - repositories (2), closed repositories (0), parent repositories (0), unsafe repositories (0)
2024-08-14 17:37:49.168 [info] > git for-each-ref --format=%(refname)%00%(upstream:short)%00%(objectname)%00%(upstream:track)%00%(upstream:remotename)%00%(upstream:remoteref) refs/heads/master refs/remotes/master [16ms]
2024-08-14 17:37:49.170 [warning] [Git][revParse] Unable to read file: ENOENT: no such file or directory, open '/home/hgoo2825/FreeRTOS-Study/.git/refs/remotes/origin/master'
2024-08-14 17:37:49.171 [info] > git rev-parse refs/remotes/origin/master [1ms]
2024-08-14 17:37:49.177 [info] > git status -z -uall [5ms]
2024-08-14 17:37:49.184 [info] > git for-each-ref --format=%(refname)%00%(upstream:short)%00%(objectname)%00%(upstream:track)%00%(upstream:remotename)%00%(upstream:remoteref) refs/heads/master refs/remotes/master [5ms]
2024-08-14 17:37:49.187 [info] > git config --get commit.template [2ms]
2024-08-14 17:37:49.187 [info] > git config --local branch.master.vscode-merge-base [1ms]
2024-08-14 17:37:49.187 [warning] [Git][config] git config failed: Failed to execute git
2024-08-14 17:37:49.190 [info] > git reflog master --grep-reflog=branch: Created from *. [1ms]
2024-08-14 17:37:49.192 [info] > git for-each-ref --format=%(refname)%00%(upstream:short)%00%(objectname)%00%(upstream:track)%00%(upstream:remotename)%00%(upstream:remoteref) refs/heads/master refs/remotes/master [2ms]
2024-08-14 17:37:49.192 [info] > git symbolic-ref --short refs/remotes/origin/HEAD [1ms]
2024-08-14 17:37:49.194 [warning] [Git][revParse] Unable to read file: ENOENT: no such file or directory, open '/home/hgoo2825/FreeRTOS-Study/.git/refs/remotes/origin/master'
2024-08-14 17:37:49.195 [info] > git for-each-ref --format=%(refname)%00%(upstream:short)%00%(objectname)%00%(upstream:track)%00%(upstream:remotename)%00%(upstream:remoteref) refs/heads/origin/master refs/remotes/origin/master [2ms]
2024-08-14 17:37:49.197 [info] > git rev-parse refs/remotes/origin/master [3ms]
2024-08-14 17:37:49.199 [info] > git config --local branch.master.vscode-merge-base origin/master [2ms]
2024-08-14 17:37:49.202 [info] > git status -z -uall [3ms] (cancelled)
2024-08-14 17:37:49.203 [info] > git config --get commit.template [1ms]
2024-08-14 17:37:49.206 [info] > git for-each-ref --format=%(refname)%00%(upstream:short)%00%(objectname)%00%(upstream:track)%00%(upstream:remotename)%00%(upstream:remoteref) refs/heads/master refs/remotes/master [1ms]
2024-08-14 17:37:49.208 [warning] [Git][revParse] Unable to read file: ENOENT: no such file or directory, open '/home/hgoo2825/FreeRTOS-Study/.git/refs/remotes/origin/master'
2024-08-14 17:37:49.208 [info] > git rev-parse refs/remotes/origin/master [0ms]
2024-08-14 17:37:49.211 [info] > git status -z -uall [1ms]
2024-08-14 17:37:49.217 [info] > git merge-base refs/heads/master refs/remotes/origin/master [2ms]
2024-08-14 17:37:49.218 [info] > git for-each-ref --format=%(refname)%00%(upstream:short)%00%(objectname)%00%(upstream:track)%00%(upstream:remotename)%00%(upstream:remoteref) refs/heads/master refs/remotes/master [5ms]
2024-08-14 17:37:49.220 [info] > git config --local branch.master.vscode-merge-base [0ms]
2024-08-14 17:37:49.222 [info] > git rev-list --count --left-right refs/heads/master...refs/remotes/origin/master [4ms]
2024-08-14 17:37:49.271 [info] > git for-each-ref --format=%(refname)%00%(upstream:short)%00%(objectname)%00%(upstream:track)%00%(upstream:remotename)%00%(upstream:remoteref) refs/heads/origin/master refs/remotes/origin/master [49ms]
2024-08-14 17:37:49.272 [info] > git diff --name-status -z --diff-filter=ADMR 0b37fb94f0995406d428131c0b44e1aea486998c...refs/remotes/origin/master [48ms]
2024-08-14 17:37:49.651 [info] > git check-ignore -v -z --stdin [2ms]
2024-08-14 17:37:49.654 [info] > git check-ignore -v -z --stdin [4ms]
2024-08-14 17:37:50.331 [info] > git config --get commit.template [1ms]
2024-08-14 17:37:50.333 [info] > git for-each-ref --format=%(refname)%00%(upstream:short)%00%(objectname)%00%(upstream:track)%00%(upstream:remotename)%00%(upstream:remoteref) refs/heads/master refs/remotes/master [1ms]
2024-08-14 17:37:50.338 [warning] [Git][revParse] Unable to read file: ENOENT: no such file or directory, open '/home/hgoo2825/FreeRTOS-Study/.git/refs/remotes/origin/master'
2024-08-14 17:37:50.339 [info] > git rev-parse refs/remotes/origin/master [1ms]
2024-08-14 17:37:50.341 [info] > git status -z -uall [1ms]
2024-08-14 17:37:50.343 [info] > git for-each-ref --format=%(refname)%00%(upstream:short)%00%(objectname)%00%(upstream:track)%00%(upstream:remotename)%00%(upstream:remoteref) refs/heads/master refs/remotes/master [0ms]
2024-08-14 17:37:50.345 [info] > git config --local branch.master.vscode-merge-base [0ms]
2024-08-14 17:37:50.347 [info] > git for-each-ref --format=%(refname)%00%(upstream:short)%00%(objectname)%00%(upstream:track)%00%(upstream:remotename)%00%(upstream:remoteref) refs/heads/origin/master refs/remotes/origin/master [0ms]
2024-08-14 17:37:52.070 [info] > git status -z -uall [2915ms]
2024-08-14 17:37:52.078 [info] > git for-each-ref --format=%(refname)%00%(upstream:short)%00%(objectname)%00%(upstream:track)%00%(upstream:remotename)%00%(upstream:remoteref) refs/heads/main refs/remotes/main [5ms]
2024-08-14 17:37:52.081 [info] > git config --local branch.main.vscode-merge-base [1ms]
2024-08-14 17:37:52.081 [warning] [Git][config] git config failed: Failed to execute git
2024-08-14 17:37:52.083 [info] > git config --get commit.template [5ms]
2024-08-14 17:37:52.085 [info] > git reflog main --grep-reflog=branch: Created from *. [3ms]
2024-08-14 17:37:52.086 [info] > git for-each-ref --format=%(refname)%00%(upstream:short)%00%(objectname)%00%(upstream:track)%00%(upstream:remotename)%00%(upstream:remoteref) refs/heads/main refs/remotes/main [2ms]
2024-08-14 17:37:52.087 [info] > git symbolic-ref --short refs/remotes/origin/HEAD [1ms]
2024-08-14 17:37:52.090 [warning] [Git][revParse] Unable to read file: ENOENT: no such file or directory, open '/home/hgoo2825/FreeRTOS/.git/refs/remotes/origin/main'
2024-08-14 17:37:52.090 [info] > git for-each-ref --format=%(refname)%00%(upstream:short)%00%(objectname)%00%(upstream:track)%00%(upstream:remotename)%00%(upstream:remoteref) refs/heads/origin/main refs/remotes/origin/main [2ms]
2024-08-14 17:37:52.093 [info] > git rev-parse refs/remotes/origin/main [3ms]
2024-08-14 17:37:52.095 [info] > git config --local branch.main.vscode-merge-base origin/main [3ms]
2024-08-14 17:37:52.099 [info] > git status -z -uall [4ms] (cancelled)
2024-08-14 17:37:52.100 [info] > git config --get commit.template [1ms]
2024-08-14 17:37:52.102 [info] > git for-each-ref --format=%(refname)%00%(upstream:short)%00%(objectname)%00%(upstream:track)%00%(upstream:remotename)%00%(upstream:remoteref) refs/heads/main refs/remotes/main [1ms]
2024-08-14 17:37:52.103 [warning] [Git][revParse] Unable to read file: ENOENT: no such file or directory, open '/home/hgoo2825/FreeRTOS/.git/refs/remotes/origin/main'
2024-08-14 17:37:52.104 [info] > git rev-parse refs/remotes/origin/main [1ms]
2024-08-14 17:37:52.578 [info] > git rev-parse --show-toplevel [1ms]
2024-08-14 17:37:52.580 [info] > git rev-parse --git-dir --git-common-dir [1ms]
2024-08-14 17:37:52.582 [info] [Model][openRepository] Opened repository: /home/hgoo2825/FreeRTOS/FreeRTOS/Source
2024-08-14 17:37:52.585 [info] > git config --get commit.template [2ms]
2024-08-14 17:37:52.586 [info] > git rev-parse --show-toplevel [1ms]
2024-08-14 17:37:52.589 [info] > git rev-parse --git-dir --git-common-dir [0ms]
2024-08-14 17:37:52.592 [info] [Model][openRepository] Opened repository: /home/hgoo2825/FreeRTOS/FreeRTOS/Test/CMock/CMock
2024-08-14 17:37:52.598 [info] > git rev-parse --show-toplevel [2ms]
2024-08-14 17:37:52.598 [info] > git config --get commit.template [4ms]
2024-08-14 17:37:52.599 [info] > git for-each-ref --format %(refname) %(objectname) %(*objectname) refs/tags [11ms]
2024-08-14 17:37:52.608 [info] > git rev-parse --git-dir --git-common-dir [3ms]
2024-08-14 17:37:52.611 [info] [Model][openRepository] Opened repository: /home/hgoo2825/FreeRTOS/FreeRTOS-Plus/Source/FreeRTOS-Plus-TCP
2024-08-14 17:37:52.616 [info] > git for-each-ref --format %(refname) %(objectname) %(*objectname) refs/tags [9ms]
2024-08-14 17:37:52.620 [info] > git rev-parse --show-toplevel [4ms]
2024-08-14 17:37:52.620 [info] > git config --get commit.template [7ms]
2024-08-14 17:37:52.628 [info] > git rev-parse --git-dir --git-common-dir [4ms]
2024-08-14 17:37:52.631 [info] [Model][openRepository] Opened repository: /home/hgoo2825/FreeRTOS/FreeRTOS-Plus/Source/AWS/device-shadow
2024-08-14 17:37:52.638 [info] > git for-each-ref --format %(refname) %(objectname) %(*objectname) refs/tags [11ms]
2024-08-14 17:37:52.641 [info] > git rev-parse --show-toplevel [4ms]
2024-08-14 17:37:52.641 [info] > git config --get commit.template [7ms]
2024-08-14 17:37:52.644 [info] > git rev-parse --git-dir --git-common-dir [1ms]
2024-08-14 17:37:52.646 [info] [Model][openRepository] Opened repository: /home/hgoo2825/FreeRTOS/FreeRTOS-Plus/Source/Application-Protocols/coreMQTT
2024-08-14 17:37:52.651 [info] > git status -z -uall [33ms]
2024-08-14 17:37:52.652 [info] > git for-each-ref --format %(refname) %(objectname) %(*objectname) refs/tags [8ms]
2024-08-14 17:37:52.659 [info] > git status -z -uall [5ms]
2024-08-14 17:37:52.659 [info] > git rev-parse --show-toplevel [8ms]
2024-08-14 17:37:52.659 [info] > git config --get commit.template [10ms]
2024-08-14 17:37:52.662 [info] > git config --get commit.template [4ms]
2024-08-14 17:37:52.670 [info] > git status -z -uall [30ms]
2024-08-14 17:37:52.670 [info] > git rev-parse --git-dir --git-common-dir [9ms]
2024-08-14 17:37:52.673 [info] [Model][openRepository] Opened repository: /home/hgoo2825/FreeRTOS/FreeRTOS-Plus/Source/coreJSON
2024-08-14 17:37:52.682 [info] > git config --get commit.template [13ms]
2024-08-14 17:37:52.682 [info] > git for-each-ref --format %(refname) %(objectname) %(*objectname) refs/tags [16ms]
2024-08-14 17:37:52.689 [info] > git rev-parse --show-toplevel [9ms]
2024-08-14 17:37:52.689 [info] > git config --get commit.template [11ms]
2024-08-14 17:37:52.689 [info] > git for-each-ref --format %(refname) %(objectname) %(*objectname) refs/tags [13ms]
2024-08-14 17:37:52.696 [info] > git status -z -uall [13ms]
2024-08-14 17:37:52.696 [info] > git config --get commit.template [8ms]
2024-08-14 17:37:52.706 [info] > git rev-parse --git-dir --git-common-dir [11ms]
2024-08-14 17:37:52.709 [info] [Model][openRepository] Opened repository: /home/hgoo2825/FreeRTOS/FreeRTOS-Plus/Test/CMock
2024-08-14 17:37:52.710 [info] > git for-each-ref --format %(refname) %(objectname) %(*objectname) refs/tags [17ms]
2024-08-14 17:37:52.720 [info] > git status -z -uall [118ms]
2024-08-14 17:37:52.720 [info] > git status -z -uall [29ms]
2024-08-14 17:37:52.720 [info] > git status -z -uall [8ms]
2024-08-14 17:37:52.720 [info] > git config --get commit.template [19ms]
2024-08-14 17:37:52.720 [info] > git for-each-ref --format %(refname) %(objectname) %(*objectname) refs/tags [21ms]
2024-08-14 17:37:52.728 [info] > git status -z -uall [6ms]
2024-08-14 17:37:52.730 [info] > git rev-parse --show-toplevel [11ms]
2024-08-14 17:37:52.730 [info] > git config --get commit.template [12ms]
2024-08-14 17:37:52.730 [info] > git for-each-ref --format %(refname) %(objectname) %(*objectname) refs/tags [15ms]
2024-08-14 17:37:52.741 [info] > git config --get commit.template [14ms]
2024-08-14 17:37:52.746 [info] > git rev-parse --git-dir --git-common-dir [6ms]
2024-08-14 17:37:52.750 [info] [Model][openRepository] Opened repository: /home/hgoo2825/FreeRTOS/FreeRTOS-Plus/ThirdParty/mbedtls
2024-08-14 17:37:52.750 [info] > git config --get commit.template [12ms]
2024-08-14 17:37:52.750 [info] > git for-each-ref --format %(refname) %(objectname) %(*objectname) refs/tags [14ms]
2024-08-14 17:37:52.766 [info] > git for-each-ref --format %(refname) %(objectname) %(*objectname) refs/tags [24ms]
2024-08-14 17:37:52.770 [info] > git status -z -uall [38ms]
2024-08-14 17:37:52.770 [info] > git status -z -uall [18ms]
2024-08-14 17:37:52.770 [info] > git rev-parse --show-toplevel [12ms]
2024-08-14 17:37:52.771 [info] > git config --get commit.template [14ms]
2024-08-14 17:37:52.771 [info] > git for-each-ref --format %(refname) %(objectname) %(*objectname) refs/tags [16ms]
2024-08-14 17:37:52.776 [info] > git for-each-ref --format %(refname) %(objectname) %(*objectname) refs/tags [8ms]
2024-08-14 17:37:52.779 [info] > git rev-parse --git-dir --git-common-dir [4ms]
2024-08-14 17:37:52.781 [info] [Model][openRepository] Opened repository: /home/hgoo2825/FreeRTOS/FreeRTOS-Plus/Source/corePKCS11
2024-08-14 17:37:52.786 [info] > git status -z -uall [8ms]
2024-08-14 17:37:52.788 [info] > git rev-parse --show-toplevel [3ms]
2024-08-14 17:37:52.788 [info] > git config --get commit.template [4ms]
2024-08-14 17:37:52.793 [info] > git status -z -uall [26ms]
2024-08-14 17:37:52.794 [info] > git rev-parse --git-dir --git-common-dir [3ms]
2024-08-14 17:37:52.796 [info] [Model][openRepository] Opened repository: /home/hgoo2825/FreeRTOS/FreeRTOS-Plus/Source/AWS/jobs
2024-08-14 17:37:52.814 [info] > git config --get commit.template [11ms]
2024-08-14 17:37:52.814 [info] > git config --get commit.template [13ms]
2024-08-14 17:37:52.814 [info] > git for-each-ref --format %(refname) %(objectname) %(*objectname) refs/tags [22ms]
2024-08-14 17:37:52.821 [info] > git for-each-ref --format %(refname) %(objectname) %(*objectname) refs/tags [3ms]
2024-08-14 17:37:52.852 [info] > git status -z -uall [36ms]
2024-08-14 17:37:52.852 [info] > git status -z -uall [29ms]
2024-08-14 17:37:52.855 [info] > git for-each-ref --format %(refname) %(objectname) %(*objectname) refs/tags [75ms]
2024-08-14 17:37:52.858 [info] > git for-each-ref --format %(refname) %(objectname) %(*objectname) refs/tags [38ms]
2024-08-14 17:37:52.865 [info] > git config --get commit.template [2ms]
2024-08-14 17:37:52.865 [info] > git config --get commit.template [3ms]
2024-08-14 17:37:52.869 [info] > git status -z -uall [97ms]
2024-08-14 17:37:52.869 [info] > git for-each-ref --format %(refname) %(objectname) %(*objectname) refs/tags [2ms]
2024-08-14 17:37:52.872 [info] > git for-each-ref --format %(refname) %(objectname) %(*objectname) refs/tags [3ms]
2024-08-14 17:37:52.874 [info] > git status -z -uall [3ms]
2024-08-14 17:37:52.880 [info] > git status -z -uall [7ms]
2024-08-14 17:37:52.886 [info] > git status -z -uall [26ms]
2024-08-14 17:37:52.899 [info] > git status -z -uall [794ms]
2024-08-14 17:37:52.903 [info] > git for-each-ref --format=%(refname)%00%(upstream:short)%00%(objectname)%00%(upstream:track)%00%(upstream:remotename)%00%(upstream:remoteref) refs/heads/main refs/remotes/main [2ms]
2024-08-14 17:37:52.905 [info] > git merge-base refs/heads/main refs/remotes/origin/main [3ms]
2024-08-14 17:37:52.906 [info] > git config --local branch.main.vscode-merge-base [2ms]
2024-08-14 17:37:52.909 [info] > git for-each-ref --format=%(refname)%00%(upstream:short)%00%(objectname)%00%(upstream:track)%00%(upstream:remotename)%00%(upstream:remoteref) refs/heads/origin/main refs/remotes/origin/main [1ms]
2024-08-14 17:37:52.909 [info] > git rev-list --count --left-right refs/heads/main...refs/remotes/origin/main [3ms]
2024-08-14 17:37:52.911 [info] > git diff --name-status -z --diff-filter=ADMR 82099c32a0d5960685c79033edde8f381c2f73ea...refs/remotes/origin/main [1ms]
2024-08-14 17:37:52.948 [info] > git status -z -uall [91ms]
2024-08-14 17:37:52.952 [info] > git config --get commit.template [1ms]
2024-08-14 17:37:52.956 [info] > git for-each-ref --format %(refname) %(objectname) %(*objectname) refs/tags [4ms]
2024-08-14 17:37:53.038 [info] > git status -z -uall [81ms]
2024-08-14 17:37:53.101 [info] > git check-ignore -v -z --stdin [2ms]
2024-08-14 17:37:53.103 [info] > git check-ignore -v -z --stdin [3ms]
2024-08-14 17:37:53.389 [info] > git rev-parse --show-toplevel [1ms]
2024-08-14 17:37:53.391 [info] > git rev-parse --git-dir --git-common-dir [0ms]
2024-08-14 17:37:53.393 [info] [Model][openRepository] Opened repository: /home/hgoo2825/FreeRTOS/FreeRTOS/Test/CMock/CMock/vendor/unity
2024-08-14 17:37:53.400 [info] > git rev-parse --show-toplevel [4ms]
2024-08-14 17:37:53.401 [info] > git config --get commit.template [6ms]
2024-08-14 17:37:53.405 [info] > git rev-parse --git-dir --git-common-dir [2ms]
2024-08-14 17:37:53.407 [info] [Model][openRepository] Opened repository: /home/hgoo2825/FreeRTOS/FreeRTOS/Test/CMock/CMock/vendor/c_exception
2024-08-14 17:37:53.411 [info] > git for-each-ref --format %(refname) %(objectname) %(*objectname) refs/tags [6ms]
2024-08-14 17:37:53.413 [info] > git rev-parse --show-toplevel [3ms]
2024-08-14 17:37:53.413 [info] > git config --get commit.template [4ms]
2024-08-14 17:37:53.416 [info] > git rev-parse --show-toplevel [2ms]
2024-08-14 17:37:53.418 [info] > git status -z -uall [6ms]
2024-08-14 17:37:53.423 [info] > git rev-parse --show-toplevel [5ms]
2024-08-14 17:37:53.423 [info] > git for-each-ref --format %(refname) %(objectname) %(*objectname) refs/tags [7ms]
2024-08-14 17:37:53.426 [info] > git config --get commit.template [5ms]
2024-08-14 17:37:53.426 [info] > git status -z -uall [2ms]
2024-08-14 17:37:53.426 [info] > git rev-parse --show-toplevel [0ms]
2024-08-14 17:37:53.431 [info] > git rev-parse --show-toplevel [1ms]
2024-08-14 17:37:53.432 [info] > git for-each-ref --format %(refname) %(objectname) %(*objectname) refs/tags [3ms]
2024-08-14 17:37:53.434 [info] > git config --get commit.template [3ms]
2024-08-14 17:37:53.435 [info] > git rev-parse --git-dir --git-common-dir [1ms]
2024-08-14 17:37:53.437 [info] [Model][openRepository] Opened repository: /home/hgoo2825/FreeRTOS/FreeRTOS/Source/portable/ThirdParty/Partner-Supported-Ports
2024-08-14 17:37:53.441 [info] > git status -z -uall [8ms]
2024-08-14 17:37:53.442 [info] > git for-each-ref --format %(refname) %(objectname) %(*objectname) refs/tags [7ms]
2024-08-14 17:37:53.444 [info] > git rev-parse --show-toplevel [5ms]
2024-08-14 17:37:53.444 [info] > git config --get commit.template [6ms]
2024-08-14 17:37:53.447 [info] > git status -z -uall [4ms]
2024-08-14 17:37:53.451 [info] > git rev-parse --git-dir --git-common-dir [5ms]
2024-08-14 17:37:53.452 [info] [Model][openRepository] Opened repository: /home/hgoo2825/FreeRTOS/FreeRTOS/Source/portable/ThirdParty/Community-Supported-Ports
2024-08-14 17:37:53.456 [info] > git for-each-ref --format %(refname) %(objectname) %(*objectname) refs/tags [7ms]
2024-08-14 17:37:53.459 [info] > git rev-parse --show-toplevel [2ms]
2024-08-14 17:37:53.459 [info] > git config --get commit.template [5ms]
2024-08-14 17:37:53.461 [info] > git status -z -uall [3ms]
2024-08-14 17:37:53.467 [info] > git rev-parse --show-toplevel [7ms]
2024-08-14 17:37:53.469 [info] > git config --get commit.template [3ms]
2024-08-14 17:37:53.469 [info] > git for-each-ref --format %(refname) %(objectname) %(*objectname) refs/tags [6ms]
2024-08-14 17:37:53.470 [info] > git rev-parse --git-dir --git-common-dir [2ms]
2024-08-14 17:37:53.472 [info] [Model][openRepository] Opened repository: /home/hgoo2825/FreeRTOS/FreeRTOS-Plus/Test/CMock/vendor/unity
2024-08-14 17:37:53.477 [info] > git status -z -uall [7ms]
2024-08-14 17:37:53.481 [info] > git rev-parse --show-toplevel [5ms]
2024-08-14 17:37:53.481 [info] > git config --get commit.template [6ms]
2024-08-14 17:37:53.481 [info] > git for-each-ref --format %(refname) %(objectname) %(*objectname) refs/tags [7ms]
2024-08-14 17:37:53.486 [info] > git status -z -uall [3ms]
2024-08-14 17:37:53.486 [info] > git config --get commit.template [5ms]
2024-08-14 17:37:53.487 [info] > git rev-parse --git-dir --git-common-dir [2ms]
2024-08-14 17:37:53.488 [info] [Model][openRepository] Opened repository: /home/hgoo2825/FreeRTOS/FreeRTOS-Plus/Test/CMock/vendor/c_exception
2024-08-14 17:37:53.493 [info] > git for-each-ref --format %(refname) %(objectname) %(*objectname) refs/tags [6ms]
2024-08-14 17:37:53.495 [info] > git rev-parse --show-toplevel [3ms]
2024-08-14 17:37:53.495 [info] > git config --get commit.template [4ms]
2024-08-14 17:37:53.495 [info] > git for-each-ref --format %(refname) %(objectname) %(*objectname) refs/tags [5ms]
2024-08-14 17:37:53.500 [info] > git status -z -uall [6ms]
2024-08-14 17:37:53.500 [info] > git status -z -uall [3ms]
2024-08-14 17:37:53.501 [info] > git rev-parse --git-dir --git-common-dir [2ms]
2024-08-14 17:37:53.502 [info] [Model][openRepository] Opened repository: /home/hgoo2825/FreeRTOS/FreeRTOS-Plus/Source/corePKCS11/source/dependency/3rdparty/pkcs11
2024-08-14 17:37:53.508 [info] > git for-each-ref --format %(refname) %(objectname) %(*objectname) refs/tags [8ms]
2024-08-14 17:37:53.512 [info] > git config --get commit.template [5ms]
2024-08-14 17:37:53.512 [info] > git config --get commit.template [7ms]
2024-08-14 17:37:53.512 [info] > git status -z -uall [2ms]
2024-08-14 17:37:53.518 [info] > git for-each-ref --format %(refname) %(objectname) %(*objectname) refs/tags [2ms]
2024-08-14 17:37:53.520 [info] > git for-each-ref --format %(refname) %(objectname) %(*objectname) refs/tags [5ms]
2024-08-14 17:37:53.523 [info] > git config --get commit.template [6ms]
2024-08-14 17:37:53.524 [info] > git status -z -uall [4ms]
2024-08-14 17:37:53.525 [info] > git status -z -uall [4ms]
2024-08-14 17:37:53.528 [info] > git for-each-ref --format %(refname) %(objectname) %(*objectname) refs/tags [4ms]
2024-08-14 17:37:53.530 [info] > git status -z -uall [1ms]
2024-08-14 17:37:53.530 [info] > git config --get commit.template [3ms]
2024-08-14 17:37:53.537 [info] > git for-each-ref --format %(refname) %(objectname) %(*objectname) refs/tags [5ms]
2024-08-14 17:37:53.539 [info] > git status -z -uall [1ms]
2024-08-14 17:37:53.907 [info] > git check-ignore -v -z --stdin [2ms]
2024-08-14 17:37:53.910 [info] > git check-ignore -v -z --stdin [4ms]
2024-08-14 17:37:58.662 [info] > git rev-parse --show-toplevel [1ms]
2024-08-14 17:37:58.664 [info] > git rev-parse --git-dir --git-common-dir [0ms]
2024-08-14 17:37:58.665 [info] [Model][openRepository] Opened repository: /home/hgoo2825/workspace/FreeRTOS-Study
2024-08-14 17:37:58.668 [info] > git config --get commit.template [1ms]
2024-08-14 17:37:58.671 [info] > git for-each-ref --format=%(refname)%00%(upstream:short)%00%(objectname)%00%(upstream:track)%00%(upstream:remotename)%00%(upstream:remoteref) refs/heads/master refs/remotes/master [2ms]
2024-08-14 17:37:58.719 [info] > git status -z -uall [46ms]
2024-08-14 17:37:58.726 [info] > git for-each-ref --format=%(refname)%00%(upstream:short)%00%(objectname)%00%(upstream:track)%00%(upstream:remotename)%00%(upstream:remoteref) refs/heads/master refs/remotes/master [4ms]
2024-08-14 17:37:58.728 [info] > git config --local branch.master.vscode-merge-base [0ms]
2024-08-14 17:37:58.728 [warning] [Git][config] git config failed: Failed to execute git
2024-08-14 17:37:58.730 [info] > git config --get commit.template [4ms]
2024-08-14 17:37:58.732 [info] > git reflog master --grep-reflog=branch: Created from *. [1ms]
2024-08-14 17:37:58.733 [info] > git for-each-ref --format=%(refname)%00%(upstream:short)%00%(objectname)%00%(upstream:track)%00%(upstream:remotename)%00%(upstream:remoteref) refs/heads/master refs/remotes/master [2ms]
2024-08-14 17:37:58.734 [info] > git reflog HEAD --grep-reflog=checkout: moving from .* to master [1ms]
2024-08-14 17:37:58.737 [info] > git for-each-ref --format=%(refname)%00%(upstream:short)%00%(objectname)%00%(upstream:track)%00%(upstream:remotename)%00%(upstream:remoteref) refs/heads/main refs/remotes/main [1ms]
2024-08-14 17:37:58.739 [info] > git symbolic-ref --short refs/remotes/origin/HEAD [1ms]
2024-08-14 17:37:58.739 [info] fatal: ref refs/remotes/origin/HEAD is not a symbolic ref
2024-08-14 17:37:58.765 [info] > git status -z -uall [31ms]
2024-08-14 17:37:58.769 [info] > git for-each-ref --format=%(refname)%00%(upstream:short)%00%(objectname)%00%(upstream:track)%00%(upstream:remotename)%00%(upstream:remoteref) refs/heads/master refs/remotes/master [1ms]
2024-08-14 17:37:58.771 [info] > git config --local branch.master.vscode-merge-base [1ms]
2024-08-14 17:37:58.771 [warning] [Git][config] git config failed: Failed to execute git
2024-08-14 17:37:58.773 [info] > git reflog master --grep-reflog=branch: Created from *. [1ms]
2024-08-14 17:37:58.775 [info] > git reflog HEAD --grep-reflog=checkout: moving from .* to master [1ms]
2024-08-14 17:37:58.777 [info] > git for-each-ref --format=%(refname)%00%(upstream:short)%00%(objectname)%00%(upstream:track)%00%(upstream:remotename)%00%(upstream:remoteref) refs/heads/main refs/remotes/main [0ms]
2024-08-14 17:37:58.780 [info] > git symbolic-ref --short refs/remotes/origin/HEAD [0ms]
2024-08-14 17:37:58.780 [info] fatal: ref refs/remotes/origin/HEAD is not a symbolic ref
2024-08-14 17:37:59.171 [info] > git show --textconv :main.c [3ms]
2024-08-14 17:37:59.171 [info] > git ls-files --stage -- /home/hgoo2825/workspace/FreeRTOS-Study/main.c [1ms]
2024-08-14 17:37:59.174 [info] > git cat-file -s 43d32100b53fc17d1ae497db64960816dc8ea59e [0ms]
2024-08-14 17:37:59.435 [info] > git check-ignore -v -z --stdin [5ms]
2024-08-14 17:37:59.436 [info] > git check-ignore -v -z --stdin [3ms]
2024-08-14 17:37:59.436 [info] > git check-ignore -v -z --stdin [2ms]
